Microsoft HTML Help Compiler 4.74.8702

Compiling h:\mnt\data-1\Data\SRC\VC\CompDel\hlp-html\CompDel.chm


Compile time: 0 minutes, 0 seconds
3	Topics
7	Local links
0	Internet links
1	Graphic


Created h:\mnt\data-1\Data\SRC\VC\CompDel\hlp-html\CompDel.chm, 13,829 bytes
Compression increased file by 5,552 bytes.
Microsoft HTML Help Compiler 4.74.8702

Compiling h:\mnt\data-1\Data\SRC\VC\CompDel\hlp-html\CompDel.chm


Compile time: 0 minutes, 0 seconds
3	Topics
7	Local links
0	Internet links
1	Graphic


Created h:\mnt\data-1\Data\SRC\VC\CompDel\hlp-html\CompDel.chm, 13,827 bytes
Compression increased file by 5,550 bytes.
Microsoft HTML Help Compiler 4.74.8702

Compiling h:\mnt\data-1\Data\SRC\VC\CompDel\hlp-html\CompDel.chm


Compile time: 0 minutes, 0 seconds
3	Topics
7	Local links
0	Internet links
1	Graphic


Created h:\mnt\data-1\Data\SRC\VC\CompDel\hlp-html\CompDel.chm, 13,827 bytes
Compression increased file by 5,550 bytes.
Microsoft HTML Help Compiler 4.74.8702

Compiling h:\mnt\data-1\Data\SRC\VC\CompDel\hlp-html\CompDel.chm


Compile time: 0 minutes, 0 seconds
3	Topics
7	Local links
0	Internet links
1	Graphic


Created h:\mnt\data-1\Data\SRC\VC\CompDel\hlp-html\CompDel.chm, 13,827 bytes
Compression increased file by 5,550 bytes.
Microsoft HTML Help Compiler 4.74.8702

Compiling h:\mnt\data-1\Data\SRC\VC\CompDel\hlp-html\CompDel.chm


Compile time: 0 minutes, 0 seconds
3	Topics
7	Local links
0	Internet links
1	Graphic


Created h:\mnt\data-1\Data\SRC\VC\CompDel\hlp-html\CompDel.chm, 13,827 bytes
Compression increased file by 5,566 bytes.
